<?xml version="1.0" encoding="UTF-8"?>
<!-- Generated by org.testng.reporters.JUnitReportReporter -->
<testsuite hostname="DESKTOP-7DSRTNS" failures="0" tests="9" name="org.plan.SpecialInsurancePresent" time="4.795" errors="0" timestamp="2024-04-09T23:27:10 IST" skipped="0">
  <testcase classname="org.plan.SpecialInsurancePresent" name="findYourPlanIsPresent" time="4.499"/>
  <testcase classname="org.plan.SpecialInsurancePresent" name="dentIns" time="0.069"/>
  <testcase classname="org.plan.SpecialInsurancePresent" name="f1stdIns" time="0.031"/>
  <testcase classname="org.plan.SpecialInsurancePresent" name="depdncIns" time="0.033"/>
  <testcase classname="org.plan.SpecialInsurancePresent" name="hghSclIns" time="0.034"/>
  <testcase classname="org.plan.SpecialInsurancePresent" name="jvisaIns" time="0.030"/>
  <testcase classname="org.plan.SpecialInsurancePresent" name="optIns" time="0.032"/>
  <testcase classname="org.plan.SpecialInsurancePresent" name="schVisaIns" time="0.036"/>
  <testcase classname="org.plan.SpecialInsurancePresent" name="stdAbdIns" time="0.031"/>
</testsuite> <!-- org.plan.SpecialInsurancePresent -->
