<?xml version="1.0" encoding="UTF-8"?>
<!-- Generated by org.testng.reporters.JUnitReportReporter -->
<testsuite hostname="DESKTOP-7DSRTNS" failures="0" tests="9" name="org.plan.SpecialInsurancePresent" time="13.868" errors="0" timestamp="2024-04-06T20:38:33 IST" skipped="0">
  <testcase classname="org.plan.SpecialInsurancePresent" name="findYourPlanIsPresent" time="13.177"/>
  <testcase classname="org.plan.SpecialInsurancePresent" name="dentIns" time="0.214"/>
  <testcase classname="org.plan.SpecialInsurancePresent" name="f1stdIns" time="0.055"/>
  <testcase classname="org.plan.SpecialInsurancePresent" name="depdncIns" time="0.144"/>
  <testcase classname="org.plan.SpecialInsurancePresent" name="hghSclIns" time="0.068"/>
  <testcase classname="org.plan.SpecialInsurancePresent" name="jvisaIns" time="0.054"/>
  <testcase classname="org.plan.SpecialInsurancePresent" name="optIns" time="0.051"/>
  <testcase classname="org.plan.SpecialInsurancePresent" name="schVisaIns" time="0.053"/>
  <testcase classname="org.plan.SpecialInsurancePresent" name="stdAbdIns" time="0.052"/>
</testsuite> <!-- org.plan.SpecialInsurancePresent -->
