<?xml version="1.0" encoding="UTF-8"?>
<!-- Generated by org.testng.reporters.JUnitReportReporter -->
<testsuite hostname="DESKTOP-7DSRTNS" failures="0" tests="9" name="org.plan.SpecialInsurancePresent" time="7.651" errors="0" timestamp="02 Apr 2024 02:48:52 GMT" skipped="0">
  <testcase classname="org.plan.SpecialInsurancePresent" name="findYourPlanIsPresent" time="7.126"/>
  <testcase classname="org.plan.SpecialInsurancePresent" name="dentIns" time="0.135"/>
  <testcase classname="org.plan.SpecialInsurancePresent" name="f1stdIns" time="0.062"/>
  <testcase classname="org.plan.SpecialInsurancePresent" name="depdncIns" time="0.055"/>
  <testcase classname="org.plan.SpecialInsurancePresent" name="hghSclIns" time="0.052"/>
  <testcase classname="org.plan.SpecialInsurancePresent" name="jvisaIns" time="0.054"/>
  <testcase classname="org.plan.SpecialInsurancePresent" name="optIns" time="0.056"/>
  <testcase classname="org.plan.SpecialInsurancePresent" name="schVisaIns" time="0.054"/>
  <testcase classname="org.plan.SpecialInsurancePresent" name="stdAbdIns" time="0.057"/>
</testsuite> <!-- org.plan.SpecialInsurancePresent -->
