<?xml version="1.0" encoding="UTF-8"?>
<!-- Generated by org.testng.reporters.JUnitReportReporter -->
<testsuite hostname="DESKTOP-7DSRTNS" failures="0" tests="3" name="org.java.Project2" time="6.288" errors="0" timestamp="31 Mar 2024 09:33:23 GMT" skipped="0">
  <testcase classname="org.java.Project2" name="precondition" time="5.783"/>
  <testcase classname="org.java.Project2" name="findYourPlanIsPresent" time="0.047"/>
  <testcase classname="org.java.Project2" name="findYourplnWitReqFields" time="0.458"/>
</testsuite> <!-- org.java.Project2 -->
