<?xml version="1.0" encoding="UTF-8"?>
<!-- Generated by org.testng.reporters.JUnitReportReporter -->
<testsuite hostname="DESKTOP-7DSRTNS" failures="0" tests="9" name="org.plan.ElementsPresent" time="20.040" errors="0" timestamp="2024-04-05T12:17:29 IST" skipped="0">
  <testcase classname="org.plan.ElementsPresent" name="findYourPlanIsPresent" time="15.760"/>
  <testcase classname="org.plan.ElementsPresent" name="prmryDestPresent" time="0.724"/>
  <testcase classname="org.plan.ElementsPresent" name="studentPresent" time="0.387"/>
  <testcase classname="org.plan.ElementsPresent" name="brthDatePresent" time="0.398"/>
  <testcase classname="org.plan.ElementsPresent" name="homeCountryPresent" time="0.500"/>
  <testcase classname="org.plan.ElementsPresent" name="citizenShipPresent" time="0.485"/>
  <testcase classname="org.plan.ElementsPresent" name="strtDatePresent" time="1.370"/>
  <testcase classname="org.plan.ElementsPresent" name="endDtPressent" time="0.329"/>
  <testcase classname="org.plan.ElementsPresent" name="viewPlanSub" time="0.087"/>
</testsuite> <!-- org.plan.ElementsPresent -->
