<?xml version="1.0" encoding="UTF-8"?>
<!-- Generated by org.testng.reporters.JUnitReportReporter -->
<testsuite hostname="DESKTOP-7DSRTNS" failures="0" tests="9" name="org.plan.ElementsPresent" time="11.081" errors="0" timestamp="2024-04-09T23:19:43 IST" skipped="0">
  <testcase classname="org.plan.ElementsPresent" name="findYourPlanIsPresent" time="7.742"/>
  <testcase classname="org.plan.ElementsPresent" name="prmryDestPresent" time="0.459"/>
  <testcase classname="org.plan.ElementsPresent" name="studentPresent" time="0.250"/>
  <testcase classname="org.plan.ElementsPresent" name="brthDatePresent" time="0.205"/>
  <testcase classname="org.plan.ElementsPresent" name="homeCountryPresent" time="0.431"/>
  <testcase classname="org.plan.ElementsPresent" name="citizenShipPresent" time="0.366"/>
  <testcase classname="org.plan.ElementsPresent" name="strtDatePresent" time="1.402"/>
  <testcase classname="org.plan.ElementsPresent" name="endDtPressent" time="0.178"/>
  <testcase classname="org.plan.ElementsPresent" name="viewPlanSub" time="0.048"/>
</testsuite> <!-- org.plan.ElementsPresent -->
