<?xml version="1.0" encoding="UTF-8"?>
<!-- Generated by org.testng.reporters.JUnitReportReporter -->
<testsuite hostname="DESKTOP-7DSRTNS" failures="0" tests="17" name="org.plan.ElementsPresent" time="21.351" errors="0" timestamp="2024-04-06T20:38:33 IST" skipped="0">
  <testcase classname="org.plan.ElementsPresent" name="findYourPlanIsPresent" time="7.632"/>
  <testcase classname="org.plan.ElementsPresent" name="prmryDestPresent" time="0.561"/>
  <testcase classname="org.plan.ElementsPresent" name="studentPresent" time="0.269"/>
  <testcase classname="org.plan.ElementsPresent" name="brthDatePresent" time="0.247"/>
  <testcase classname="org.plan.ElementsPresent" name="homeCountryPresent" time="0.778"/>
  <testcase classname="org.plan.ElementsPresent" name="citizenShipPresent" time="0.678"/>
  <testcase classname="org.plan.ElementsPresent" name="strtDatePresent" time="1.504"/>
  <testcase classname="org.plan.ElementsPresent" name="endDtPressent" time="0.281"/>
  <testcase classname="org.plan.ElementsPresent" name="viewPlanSub" time="0.103"/>
  <testcase classname="org.plan.ElementsPresent" name="stdntHealthIsPresent" time="0.055"/>
  <testcase classname="org.plan.ElementsPresent" name="travelMedPresent" time="0.052"/>
  <testcase classname="org.plan.ElementsPresent" name="mjrMedPresent" time="0.051"/>
  <testcase classname="org.plan.ElementsPresent" name="sclReqPresent" time="0.048"/>
  <testcase classname="org.plan.ElementsPresent" name="insExplPresent" time="0.044"/>
  <testcase classname="org.plan.ElementsPresent" name="srchPresent" time="1.685"/>
  <testcase classname="org.plan.ElementsPresent" name="srchBoxEmpty" time="7.203"/>
  <testcase classname="org.plan.ElementsPresent" name="warnMsg" time="0.160"/>
</testsuite> <!-- org.plan.ElementsPresent -->
